Determining if the pthread_create exist failed with the following output:
Change Dir: /home/nvidia/RoboND-DeepRL-Project/build/CMakeFiles/CMakeTmp

Run Build Command:"/usr/bin/make" "cmTC_8b0af/fast"
/usr/bin/make -f CMakeFiles/cmTC_8b0af.dir/build.make CMakeFiles/cmTC_8b0af.dir/build
make[1]: Entering directory '/home/nvidia/RoboND-DeepRL-Project/build/CMakeFiles/CMakeTmp'
Building C object CMakeFiles/cmTC_8b0af.dir/CheckSymbolExists.c.o
/usr/bin/cc    -fPIC    -o CMakeFiles/cmTC_8b0af.dir/CheckSymbolExists.c.o   -c /home/nvidia/RoboND-DeepRL-Project/build/CMakeFiles/CMakeTmp/CheckSymbolExists.c
Linking C executable cmTC_8b0af
/usr/bin/cmake -E cmake_link_script CMakeFiles/cmTC_8b0af.dir/link.txt --verbose=1
/usr/bin/cc  -fPIC     CMakeFiles/cmTC_8b0af.dir/CheckSymbolExists.c.o  -o cmTC_8b0af -rdynamic 
CMakeFiles/cmTC_8b0af.dir/CheckSymbolExists.c.o: In function `main':
CheckSymbolExists.c:(.text+0x14): undefined reference to `pthread_create'
CheckSymbolExists.c:(.text+0x18): undefined reference to `pthread_create'
collect2: error: ld returned 1 exit status
CMakeFiles/cmTC_8b0af.dir/build.make:97: recipe for target 'cmTC_8b0af' failed
make[1]: *** [cmTC_8b0af] Error 1
make[1]: Leaving directory '/home/nvidia/RoboND-DeepRL-Project/build/CMakeFiles/CMakeTmp'
Makefile:126: recipe for target 'cmTC_8b0af/fast' failed
make: *** [cmTC_8b0af/fast] Error 2

File /home/nvidia/RoboND-DeepRL-Project/build/CMakeFiles/CMakeTmp/CheckSymbolExists.c:
/* */
#include <pthread.h>

int main(int argc, char** argv)
{
  (void)argv;
#ifndef pthread_create
  return ((int*)(&pthread_create))[argc];
#else
  (void)argc;
  return 0;
#endif
}

Determining if the function pthread_create exists in the pthreads failed with the following output:
Change Dir: /home/nvidia/RoboND-DeepRL-Project/build/CMakeFiles/CMakeTmp

Run Build Command:"/usr/bin/make" "cmTC_f1c73/fast"
/usr/bin/make -f CMakeFiles/cmTC_f1c73.dir/build.make CMakeFiles/cmTC_f1c73.dir/build
make[1]: Entering directory '/home/nvidia/RoboND-DeepRL-Project/build/CMakeFiles/CMakeTmp'
Building C object CMakeFiles/cmTC_f1c73.dir/CheckFunctionExists.c.o
/usr/bin/cc    -fPIC -DCHECK_FUNCTION_EXISTS=pthread_create   -o CMakeFiles/cmTC_f1c73.dir/CheckFunctionExists.c.o   -c /usr/share/cmake-3.5/Modules/CheckFunctionExists.c
Linking C executable cmTC_f1c73
/usr/bin/cmake -E cmake_link_script CMakeFiles/cmTC_f1c73.dir/link.txt --verbose=1
/usr/bin/cc  -fPIC -DCHECK_FUNCTION_EXISTS=pthread_create    CMakeFiles/cmTC_f1c73.dir/CheckFunctionExists.c.o  -o cmTC_f1c73 -rdynamic -lpthreads 
/usr/bin/ld: cannot find -lpthreads
collect2: error: ld returned 1 exit status
CMakeFiles/cmTC_f1c73.dir/build.make:97: recipe for target 'cmTC_f1c73' failed
make[1]: *** [cmTC_f1c73] Error 1
make[1]: Leaving directory '/home/nvidia/RoboND-DeepRL-Project/build/CMakeFiles/CMakeTmp'
Makefile:126: recipe for target 'cmTC_f1c73/fast' failed
make: *** [cmTC_f1c73/fast] Error 2


Determining if the pthread_create exist failed with the following output:
Change Dir: /home/nvidia/RoboND-DeepRL-Project/build/CMakeFiles/CMakeTmp

Run Build Command:"/usr/bin/make" "cmTC_20ddd/fast"
/usr/bin/make -f CMakeFiles/cmTC_20ddd.dir/build.make CMakeFiles/cmTC_20ddd.dir/build
make[1]: Entering directory '/home/nvidia/RoboND-DeepRL-Project/build/CMakeFiles/CMakeTmp'
Building C object CMakeFiles/cmTC_20ddd.dir/CheckSymbolExists.c.o
/usr/bin/cc    -fPIC    -o CMakeFiles/cmTC_20ddd.dir/CheckSymbolExists.c.o   -c /home/nvidia/RoboND-DeepRL-Project/build/CMakeFiles/CMakeTmp/CheckSymbolExists.c
Linking C executable cmTC_20ddd
/usr/bin/cmake -E cmake_link_script CMakeFiles/cmTC_20ddd.dir/link.txt --verbose=1
/usr/bin/cc  -fPIC     CMakeFiles/cmTC_20ddd.dir/CheckSymbolExists.c.o  -o cmTC_20ddd -rdynamic 
CMakeFiles/cmTC_20ddd.dir/CheckSymbolExists.c.o: In function `main':
CheckSymbolExists.c:(.text+0x14): undefined reference to `pthread_create'
CheckSymbolExists.c:(.text+0x18): undefined reference to `pthread_create'
collect2: error: ld returned 1 exit status
CMakeFiles/cmTC_20ddd.dir/build.make:97: recipe for target 'cmTC_20ddd' failed
make[1]: *** [cmTC_20ddd] Error 1
make[1]: Leaving directory '/home/nvidia/RoboND-DeepRL-Project/build/CMakeFiles/CMakeTmp'
Makefile:126: recipe for target 'cmTC_20ddd/fast' failed
make: *** [cmTC_20ddd/fast] Error 2

File /home/nvidia/RoboND-DeepRL-Project/build/CMakeFiles/CMakeTmp/CheckSymbolExists.c:
/* */
#include <pthread.h>

int main(int argc, char** argv)
{
  (void)argv;
#ifndef pthread_create
  return ((int*)(&pthread_create))[argc];
#else
  (void)argc;
  return 0;
#endif
}

Determining if the function pthread_create exists in the pthreads failed with the following output:
Change Dir: /home/nvidia/RoboND-DeepRL-Project/build/CMakeFiles/CMakeTmp

Run Build Command:"/usr/bin/make" "cmTC_bdb47/fast"
/usr/bin/make -f CMakeFiles/cmTC_bdb47.dir/build.make CMakeFiles/cmTC_bdb47.dir/build
make[1]: Entering directory '/home/nvidia/RoboND-DeepRL-Project/build/CMakeFiles/CMakeTmp'
Building C object CMakeFiles/cmTC_bdb47.dir/CheckFunctionExists.c.o
/usr/bin/cc    -fPIC -DCHECK_FUNCTION_EXISTS=pthread_create   -o CMakeFiles/cmTC_bdb47.dir/CheckFunctionExists.c.o   -c /usr/share/cmake-3.5/Modules/CheckFunctionExists.c
Linking C executable cmTC_bdb47
/usr/bin/cmake -E cmake_link_script CMakeFiles/cmTC_bdb47.dir/link.txt --verbose=1
/usr/bin/cc  -fPIC -DCHECK_FUNCTION_EXISTS=pthread_create    CMakeFiles/cmTC_bdb47.dir/CheckFunctionExists.c.o  -o cmTC_bdb47 -rdynamic -lpthreads 
/usr/bin/ld: cannot find -lpthreads
collect2: error: ld returned 1 exit status
CMakeFiles/cmTC_bdb47.dir/build.make:97: recipe for target 'cmTC_bdb47' failed
make[1]: *** [cmTC_bdb47] Error 1
make[1]: Leaving directory '/home/nvidia/RoboND-DeepRL-Project/build/CMakeFiles/CMakeTmp'
Makefile:126: recipe for target 'cmTC_bdb47/fast' failed
make: *** [cmTC_bdb47/fast] Error 2


Determining if the Q_WS_WIN exist failed with the following output:
Change Dir: /home/nvidia/RoboND-DeepRL-Project/build/CMakeFiles/CMakeTmp

Run Build Command:"/usr/bin/make" "cmTC_35859/fast"
/usr/bin/make -f CMakeFiles/cmTC_35859.dir/build.make CMakeFiles/cmTC_35859.dir/build
make[1]: Entering directory '/home/nvidia/RoboND-DeepRL-Project/build/CMakeFiles/CMakeTmp'
Building CXX object CMakeFiles/cmTC_35859.dir/CheckSymbolExists.cxx.o
/usr/bin/c++    -I/usr/include/qt4  -std=c++11    -o CMakeFiles/cmTC_35859.dir/CheckSymbolExists.cxx.o -c /home/nvidia/RoboND-DeepRL-Project/build/CMakeFiles/CMakeTmp/CheckSymbolExists.cxx
/home/nvidia/RoboND-DeepRL-Project/build/CMakeFiles/CMakeTmp/CheckSymbolExists.cxx: In function ‘int main(int, char**)’:
/home/nvidia/RoboND-DeepRL-Project/build/CMakeFiles/CMakeTmp/CheckSymbolExists.cxx:8:19: error: ‘Q_WS_WIN’ was not declared in this scope
   return ((int*)(&Q_WS_WIN))[argc];
                   ^
CMakeFiles/cmTC_35859.dir/build.make:65: recipe for target 'CMakeFiles/cmTC_35859.dir/CheckSymbolExists.cxx.o' failed
make[1]: *** [CMakeFiles/cmTC_35859.dir/CheckSymbolExists.cxx.o] Error 1
make[1]: Leaving directory '/home/nvidia/RoboND-DeepRL-Project/build/CMakeFiles/CMakeTmp'
Makefile:126: recipe for target 'cmTC_35859/fast' failed
make: *** [cmTC_35859/fast] Error 2

File /home/nvidia/RoboND-DeepRL-Project/build/CMakeFiles/CMakeTmp/CheckSymbolExists.cxx:
/* */
#include <QtCore/qglobal.h>

int main(int argc, char** argv)
{
  (void)argv;
#ifndef Q_WS_WIN
  return ((int*)(&Q_WS_WIN))[argc];
#else
  (void)argc;
  return 0;
#endif
}

Determining if the Q_WS_QWS exist failed with the following output:
Change Dir: /home/nvidia/RoboND-DeepRL-Project/build/CMakeFiles/CMakeTmp

Run Build Command:"/usr/bin/make" "cmTC_edb1b/fast"
/usr/bin/make -f CMakeFiles/cmTC_edb1b.dir/build.make CMakeFiles/cmTC_edb1b.dir/build
make[1]: Entering directory '/home/nvidia/RoboND-DeepRL-Project/build/CMakeFiles/CMakeTmp'
Building CXX object CMakeFiles/cmTC_edb1b.dir/CheckSymbolExists.cxx.o
/usr/bin/c++    -I/usr/include/qt4  -std=c++11    -o CMakeFiles/cmTC_edb1b.dir/CheckSymbolExists.cxx.o -c /home/nvidia/RoboND-DeepRL-Project/build/CMakeFiles/CMakeTmp/CheckSymbolExists.cxx
/home/nvidia/RoboND-DeepRL-Project/build/CMakeFiles/CMakeTmp/CheckSymbolExists.cxx: In function ‘int main(int, char**)’:
/home/nvidia/RoboND-DeepRL-Project/build/CMakeFiles/CMakeTmp/CheckSymbolExists.cxx:8:19: error: ‘Q_WS_QWS’ was not declared in this scope
   return ((int*)(&Q_WS_QWS))[argc];
                   ^
CMakeFiles/cmTC_edb1b.dir/build.make:65: recipe for target 'CMakeFiles/cmTC_edb1b.dir/CheckSymbolExists.cxx.o' failed
make[1]: *** [CMakeFiles/cmTC_edb1b.dir/CheckSymbolExists.cxx.o] Error 1
make[1]: Leaving directory '/home/nvidia/RoboND-DeepRL-Project/build/CMakeFiles/CMakeTmp'
Makefile:126: recipe for target 'cmTC_edb1b/fast' failed
make: *** [cmTC_edb1b/fast] Error 2

File /home/nvidia/RoboND-DeepRL-Project/build/CMakeFiles/CMakeTmp/CheckSymbolExists.cxx:
/* */
#include <QtCore/qglobal.h>

int main(int argc, char** argv)
{
  (void)argv;
#ifndef Q_WS_QWS
  return ((int*)(&Q_WS_QWS))[argc];
#else
  (void)argc;
  return 0;
#endif
}

Determining if the Q_WS_MAC exist failed with the following output:
Change Dir: /home/nvidia/RoboND-DeepRL-Project/build/CMakeFiles/CMakeTmp

Run Build Command:"/usr/bin/make" "cmTC_e4eed/fast"
/usr/bin/make -f CMakeFiles/cmTC_e4eed.dir/build.make CMakeFiles/cmTC_e4eed.dir/build
make[1]: Entering directory '/home/nvidia/RoboND-DeepRL-Project/build/CMakeFiles/CMakeTmp'
Building CXX object CMakeFiles/cmTC_e4eed.dir/CheckSymbolExists.cxx.o
/usr/bin/c++    -I/usr/include/qt4  -std=c++11    -o CMakeFiles/cmTC_e4eed.dir/CheckSymbolExists.cxx.o -c /home/nvidia/RoboND-DeepRL-Project/build/CMakeFiles/CMakeTmp/CheckSymbolExists.cxx
/home/nvidia/RoboND-DeepRL-Project/build/CMakeFiles/CMakeTmp/CheckSymbolExists.cxx: In function ‘int main(int, char**)’:
/home/nvidia/RoboND-DeepRL-Project/build/CMakeFiles/CMakeTmp/CheckSymbolExists.cxx:8:19: error: ‘Q_WS_MAC’ was not declared in this scope
   return ((int*)(&Q_WS_MAC))[argc];
                   ^
CMakeFiles/cmTC_e4eed.dir/build.make:65: recipe for target 'CMakeFiles/cmTC_e4eed.dir/CheckSymbolExists.cxx.o' failed
make[1]: *** [CMakeFiles/cmTC_e4eed.dir/CheckSymbolExists.cxx.o] Error 1
make[1]: Leaving directory '/home/nvidia/RoboND-DeepRL-Project/build/CMakeFiles/CMakeTmp'
Makefile:126: recipe for target 'cmTC_e4eed/fast' failed
make: *** [cmTC_e4eed/fast] Error 2

File /home/nvidia/RoboND-DeepRL-Project/build/CMakeFiles/CMakeTmp/CheckSymbolExists.cxx:
/* */
#include <QtCore/qglobal.h>

int main(int argc, char** argv)
{
  (void)argv;
#ifndef Q_WS_MAC
  return ((int*)(&Q_WS_MAC))[argc];
#else
  (void)argc;
  return 0;
#endif
}

